{"level":"warn","message":"R2: Some required env variables are missing. Ensure CLOUDFLARE_R2_KEY, CLOUDFLARE_R2_SECRET, CLOUDFLARE_R2_BUCKET, and R2_PUBLIC_URL are set.","timestamp":"2025-09-19 19:52:33"}
{"level":"error","message":"R2: Missing required env variables. Ensure CLOUDFLARE_R2_KEY, CLOUDFLARE_R2_SECRET, CLOUDFLARE_R2_BUCKET, and R2_PUBLIC_URL are set.","timestamp":"2025-09-19 20:00:49"}
{"0":"E","1":"r","10":"e","100":"i","101":"l","102":"s","103":"/","104":"r","105":"2","106":".","107":"j","108":"s","109":":","11":"n","110":"2","111":"9","112":":","113":"9","114":"\n","115":" ","116":" ","117":" ","118":" ","119":"a","12":"v","120":"t","121":" ","122":"M","123":"o","124":"d","125":"u","126":"l","127":"e","128":"J","129":"o","13":" ","130":"b","131":".","132":"r","133":"u","134":"n","135":" ","136":"(","137":"n","138":"o","139":"d","14":"n","140":"e","141":":","142":"i","143":"n","144":"t","145":"e","146":"r","147":"n","148":"a","149":"l","15":"o","150":"/","151":"m","152":"o","153":"d","154":"u","155":"l","156":"e","157":"s","158":"/","159":"e","16":"t","160":"s","161":"m","162":"/","163":"m","164":"o","165":"d","166":"u","167":"l","168":"e","169":"_","17":" ","170":"j","171":"o","172":"b","173":":","174":"3","175":"4","176":"3","177":":","178":"2","179":"5","18":"p","180":")","181":"\n","182":" ","183":" ","184":" ","185":" ","186":"a","187":"t","188":" ","189":"a","19":"r","190":"s","191":"y","192":"n","193":"c","194":" ","195":"o","196":"n","197":"I","198":"m","199":"p","2":"r","20":"o","200":"o","201":"r","202":"t","203":".","204":"t","205":"r","206":"a","207":"c","208":"e","209":"P","21":"p","210":"r","211":"o","212":"m","213":"i","214":"s","215":"e","216":".","217":"_","218":"_","219":"p","22":"e","220":"r","221":"o","222":"t","223":"o","224":"_","225":"_","226":" ","227":"(","228":"n","229":"o","23":"r","230":"d","231":"e","232":":","233":"i","234":"n","235":"t","236":"e","237":"r","238":"n","239":"a","24":"l","240":"l","241":"/","242":"m","243":"o","244":"d","245":"u","246":"l","247":"e","248":"s","249":"/","25":"y","250":"e","251":"s","252":"m","253":"/","254":"l","255":"o","256":"a","257":"d","258":"e","259":"r","26":" ","260":":","261":"6","262":"4","263":"7","264":":","265":"2","266":"6","267":")","268":"\n","269":" ","27":"c","270":" ","271":" ","272":" ","273":"a","274":"t","275":" ","276":"a","277":"s","278":"y","279":"n","28":"o","280":"c","281":" ","282":"a","283":"s","284":"y","285":"n","286":"c","287":"R","288":"u","289":"n","29":"n","290":"E","291":"n","292":"t","293":"r","294":"y","295":"P","296":"o","297":"i","298":"n","299":"t","3":"o","30":"f","300":"W","301":"i","302":"t","303":"h","304":"E","305":"S","306":"M","307":"L","308":"o","309":"a","31":"i","310":"d","311":"e","312":"r","313":" ","314":"(","315":"n","316":"o","317":"d","318":"e","319":":","32":"g","320":"i","321":"n","322":"t","323":"e","324":"r","325":"n","326":"a","327":"l","328":"/","329":"m","33":"u","330":"o","331":"d","332":"u","333":"l","334":"e","335":"s","336":"/","337":"r","338":"u","339":"n","34":"r","340":"_","341":"m","342":"a","343":"i","344":"n","345":":","346":"1","347":"1","348":"7","349":":","35":"e","350":"5","351":")","36":"d","37":"\n","38":" ","39":" ","4":"r","40":" ","41":" ","42":"a","43":"t","44":" ","45":"f","46":"i","47":"l","48":"e","49":":","5":":","50":"/","51":"/","52":"/","53":"C","54":":","55":"/","56":"U","57":"s","58":"e","59":"r","6":" ","60":"s","61":"/","62":"n","63":"j","64":"e","65":"r","66":"u","67":"/","68":"f","69":"a","7":"R","70":"h","71":"a","72":"r","73":"i","74":"-","75":"m","76":"a","77":"r","78":"k","79":"e","8":"2","80":"t","81":"i","82":"n","83":"g","84":"-","85":"s","86":"i","87":"t","88":"e","89":"/","9":" ","90":"b","91":"a","92":"c","93":"k","94":"e","95":"n","96":"d","97":"/","98":"u","99":"t","level":"error","message":"Uncaught Exception:","timestamp":"2025-09-19 20:00:49"}
{"level":"warn","message":"⚠️ SMTP not fully configured: SMTP_HOST, SMTP_PORT, SMTP_USER, SMTP_PASS. Running in dev/log-only mode — emails will be logged instead of sent.","timestamp":"2025-09-23 08:43:17"}
{"level":"info","message":"📧 [LOG ONLY] Email would be sent (transporter not configured):","subject":"✅ SMTP Test from Fahari","timestamp":"2025-09-23 08:43:17","to":"njerudennis86@gmail.com"}
{"level":"debug","message":"Email payload:","text":"This is a test email from the Fahari Yoghurt Marketing Site backend.","timestamp":"2025-09-23 08:43:17"}
{"level":"warn","message":"⚠️ SMTP not fully configured: SMTP_HOST, SMTP_PORT, SMTP_USER, SMTP_PASS. Running in dev/log-only mode — emails will be logged instead of sent.","timestamp":"2025-09-23 08:46:06"}
{"level":"info","message":"📧 [LOG ONLY] Email would be sent (transporter not configured):","subject":"✅ SMTP Test from Fahari Backend","timestamp":"2025-09-23 08:46:06","to":"njerudennis86@gmail.com"}
{"level":"debug","message":"Email payload:","text":"This is a test email sent from the Fahari Yoghurt Marketing Site backend.","timestamp":"2025-09-23 08:46:06"}
{"level":"info","message":"✅ Test email sent successfully: No Message ID","timestamp":"2025-09-23 08:46:06"}
{"level":"warn","message":"⚠️ SMTP not fully configured: SMTP_HOST, SMTP_PORT, SMTP_USER, SMTP_PASS. Running in dev/log-only mode — emails will be logged instead of sent.","timestamp":"2025-09-23 09:17:17"}
{"level":"info","message":"📧 [LOG ONLY] Email would be sent (transporter not configured):","subject":"✅ SMTP Test from Fahari Backend","timestamp":"2025-09-23 09:17:17","to":"njerudennis86@gmail.com"}
{"level":"debug","message":"Email payload:","text":"This is a production test email from Fahari backend.","timestamp":"2025-09-23 09:17:17"}
{"level":"info","message":"✅ Test email sent successfully: No Message ID","timestamp":"2025-09-23 09:17:17"}
{"level":"warn","message":"⚠️ SMTP not fully configured: SMTP_HOST, SMTP_PORT, SMTP_USER, SMTP_PASS. Running in dev/log-only mode — emails will be logged instead of sent.","timestamp":"2025-09-23 09:22:39"}
{"level":"info","message":"📧 [LOG ONLY] Email would be sent (transporter not configured):","subject":"✅ SMTP Test from Fahari Backend","timestamp":"2025-09-23 09:22:39","to":"njerudennis86@gmail.com"}
{"level":"debug","message":"Email payload:","text":"This is a production test email from Fahari backend.","timestamp":"2025-09-23 09:22:39"}
{"level":"info","message":"✅ Test email sent successfully: No Message ID","timestamp":"2025-09-23 09:22:39"}
{"level":"warn","message":"⚠️ SMTP not fully configured: SMTP_HOST, SMTP_PORT, SMTP_USER, SMTP_PASS. Running in dev/log-only mode — emails will be logged instead of sent.","timestamp":"2025-09-23 09:22:48"}
{"level":"info","message":"📧 [LOG ONLY] Email would be sent (transporter not configured):","subject":"✅ SMTP Test from Fahari Backend","timestamp":"2025-09-23 09:22:48","to":"njerudennis86@gmail.com"}
{"level":"debug","message":"Email payload:","text":"This is a production test email from Fahari backend.","timestamp":"2025-09-23 09:22:48"}
{"level":"info","message":"✅ Test email sent successfully: No Message ID","timestamp":"2025-09-23 09:22:48"}
{"level":"warn","message":"⚠️ SMTP not fully configured: SMTP_HOST, SMTP_PORT, SMTP_USER, SMTP_PASS. Running in dev/log-only mode — emails will be logged instead of sent.","timestamp":"2025-09-23 09:48:46"}
{"level":"info","message":"📧 [LOG ONLY] Email would be sent (transporter not configured):","subject":"✅ SMTP Test from Fahari Backend","timestamp":"2025-09-23 09:48:46","to":"njerudennis86@gmail.com"}
{"level":"debug","message":"Email payload:","text":"This is a production test email from Fahari backend.","timestamp":"2025-09-23 09:48:46"}
{"level":"info","message":"✅ Test email sent successfully: No Message ID","timestamp":"2025-09-23 09:48:46"}
{"level":"warn","message":"⚠️ Missing SMTP credentials: SMTP_HOST, SMTP_PORT, SMTP_USER, SMTP_PASS. Emails will be logged (DEV mode)","timestamp":"2025-09-23 10:04:49"}
{"level":"info","message":"📧 [LOG ONLY] Email would be sent:","subject":"✅ SMTP Test from Fahari Backend","timestamp":"2025-09-23 10:04:49","to":"njerudennis86@gmail.com"}
{"level":"debug","message":"Email payload:","text":"This is a production test email from Fahari backend.","timestamp":"2025-09-23 10:04:49"}
{"level":"info","message":"✅ Test email sent successfully: No Message ID","timestamp":"2025-09-23 10:04:49"}
{"level":"warn","message":"⚠️ Missing SMTP credentials: SMTP_HOST, SMTP_PORT, SMTP_USER, SMTP_PASS. Emails will be logged (DEV mode)","timestamp":"2025-09-23 10:08:33"}
{"level":"info","message":"📧 [LOG ONLY] Email would be sent:","subject":"✅ SMTP Test from Fahari Backend","timestamp":"2025-09-23 10:08:33","to":"njerudennis86@gmail.com"}
{"level":"debug","message":"Email payload:","text":"This is a production test email from Fahari backend.","timestamp":"2025-09-23 10:08:33"}
{"level":"info","message":"✅ Test email sent successfully: No Message ID","timestamp":"2025-09-23 10:08:33"}
{"level":"debug","message":"dotenv: attempted to load env from C:\\Users\\njeru\\fahari-marketing-site\\backend\\.env","timestamp":"2025-09-23 10:47:19"}
{"level":"info","message":"✅ SMTP verified (host=mail.faharidairies.co.ke, port=465, secure=true)","timestamp":"2025-09-23 10:47:20"}
{"level":"info","message":"📧 Email sent: ✅ SMTP Test from Fahari Backend → njerudennis86@gmail.com (id=<87886e87-2914-de62-79c2-973c0cfb64f6@faharidairies.co.ke>)","timestamp":"2025-09-23 10:47:21"}
{"level":"info","message":"✅ Test email sent successfully: <87886e87-2914-de62-79c2-973c0cfb64f6@faharidairies.co.ke>","timestamp":"2025-09-23 10:47:21"}
{"level":"warn","message":"⚠️ Missing SMTP credentials: SMTP_HOST, SMTP_PORT, SMTP_USER, SMTP_PASS. Cannot send test email. Logging only in dev mode.","timestamp":"2025-09-23 10:56:26"}
{"level":"debug","message":"dotenv: attempted to load env from C:\\Users\\njeru\\fahari-marketing-site\\backend\\.env","timestamp":"2025-09-23 10:56:42"}
{"level":"info","message":"✅ SMTP verified (host=mail.faharidairies.co.ke, port=465, secure=true)","timestamp":"2025-09-23 10:56:43"}
{"level":"info","message":"📧 Email sent: ✅ SMTP Test from Fahari Backend → njerudennis86@gmail.com (id=<224031bc-da3a-2c98-f4c4-f426793b3c4b@faharidairies.co.ke>)","timestamp":"2025-09-23 10:56:45"}
{"level":"info","message":"✅ Test email sent successfully: <224031bc-da3a-2c98-f4c4-f426793b3c4b@faharidairies.co.ke>","timestamp":"2025-09-23 10:56:45"}
{"level":"debug","message":"dotenv: attempted to load env from C:\\Users\\njeru\\fahari-marketing-site\\backend\\.env","timestamp":"2025-09-23 11:05:56"}
{"level":"info","message":"✅ SMTP verified (host=mail.faharidairies.co.ke, port=465, secure=true)","timestamp":"2025-09-23 11:05:56"}
{"level":"info","message":"📧 Email sent: ✅ SMTP Test from Fahari Backend → njerudennis86@gmail.com (id=<e3cb2f94-ed87-7f9c-61c3-a2d32e4d25c6@faharidairies.co.ke>)","timestamp":"2025-09-23 11:06:05"}
{"level":"info","message":"✅ Test email sent successfully: <e3cb2f94-ed87-7f9c-61c3-a2d32e4d25c6@faharidairies.co.ke>","timestamp":"2025-09-23 11:06:05"}
{"level":"debug","message":"dotenv: attempted to load env from C:\\Users\\njeru\\fahari-marketing-site\\backend\\.env","timestamp":"2025-09-23 12:37:41"}
{"level":"info","message":"✅ SMTP verified (host=mail.faharidairies.co.ke, port=465, secure=true)","timestamp":"2025-09-23 12:37:41"}
{"level":"info","message":"📧 Email sent: ✅ SMTP Test from Fahari Backend → njerudennis86@gmail.com (id=<5b9bc4da-bc03-afa8-c3db-0e7b0272e356@faharidairies.co.ke>)","timestamp":"2025-09-23 12:37:43"}
{"level":"info","message":"✅ Test email sent successfully: <5b9bc4da-bc03-afa8-c3db-0e7b0272e356@faharidairies.co.ke>","timestamp":"2025-09-23 12:37:43"}
